<?xml version="1.0" encoding="UTF-8"?>
<robot generator="Robot 7.2.2 (Python 3.13.1 on darwin)" generated="2025-04-12T11:21:09.131988" rpa="false" schemaversion="5">
<suite id="s1" name="Firsttest" source="/Users/katarzynagolawska/WSB_SWT/T8/sobota/2/firsttest.robot">
<test id="s1-t1" name="Hello World" line="5">
<kw name="Evaluate" owner="BuiltIn">
<msg time="2025-04-12T11:21:09.433925" level="INFO">${result} = 4</msg>
<var>${result}</var>
<arg>2+2</arg>
<doc>Evaluates the given expression in Python and returns the result.</doc>
<status status="PASS" start="2025-04-12T11:21:09.433090" elapsed="0.000954"/>
</kw>
<kw name="Should Be Equal As Integers" owner="BuiltIn">
<msg time="2025-04-12T11:21:09.435438" level="INFO">Argument types are:
&lt;class 'int'&gt;
&lt;class 'str'&gt;</msg>
<arg>${result}</arg>
<arg>4</arg>
<doc>Fails if objects are unequal after converting them to integers.</doc>
<status status="PASS" start="2025-04-12T11:21:09.434815" elapsed="0.001042"/>
</kw>
<doc>Test sprawdza czy 2+2=4</doc>
<status status="PASS" start="2025-04-12T11:21:09.430407" elapsed="0.011267"/>
</test>
<doc>Pierwszy przykładowy test w Robot Framework</doc>
<status status="PASS" start="2025-04-12T11:21:09.139817" elapsed="0.305707"/>
</suite>
<statistics>
<total>
<stat pass="1" fail="0" skip="0">All Tests</stat>
</total>
<tag>
</tag>
<suite>
<stat name="Firsttest" id="s1" pass="1" fail="0" skip="0">Firsttest</stat>
</suite>
</statistics>
<errors>
</errors>
</robot>
